  SDL2_gfxPrimitives.c
C:\Users\avira\source\repos\SupremeEngine\SupremeEngine\lib\SDL2_gfx\SDL2_gfxPrimitives.c(1765,14): warning C4028: formal parameter 1 different from declaration
C:\Users\avira\source\repos\SupremeEngine\SupremeEngine\lib\SDL2_gfx\SDL2_gfxPrimitives.c(1875,24): warning C4244: 'function': conversion from 'double' to 'float', possible loss of data
C:\Users\avira\source\repos\SupremeEngine\SupremeEngine\lib\SDL2_gfx\SDL2_gfxPrimitives.c(1876,33): warning C4244: 'function': conversion from 'double' to 'float', possible loss of data
C:\Users\avira\source\repos\SupremeEngine\SupremeEngine\lib\SDL2_gfx\SDL2_gfxPrimitives.c(1952,33): warning C4244: 'function': conversion from 'double' to 'float', possible loss of data
C:\Users\avira\source\repos\SupremeEngine\SupremeEngine\lib\SDL2_gfx\SDL2_gfxPrimitives.c(3704,19): warning C4244: 'function': conversion from 'double' to 'float', possible loss of data
C:\Users\avira\source\repos\SupremeEngine\SupremeEngine\lib\SDL2_gfx\SDL2_gfxPrimitives.c(3705,19): warning C4244: 'function': conversion from 'double' to 'float', possible loss of data
  SDL2_imageFilter.c
  SDL2_rotozoom.c
  Generating Code...
  Application.cpp
C:\Users\avira\source\repos\SupremeEngine\SupremeEngine\src\Application.cpp(55,96): warning C4244: 'argument': conversion from 'float' to 'int', possible loss of data
C:\Users\avira\source\repos\SupremeEngine\SupremeEngine\src\Application.cpp(55,80): warning C4244: 'argument': conversion from 'float' to 'int', possible loss of data
C:\Users\avira\source\repos\SupremeEngine\SupremeEngine\src\Application.cpp(55,52): warning C4244: 'argument': conversion from 'float' to 'int', possible loss of data
  Graphics.cpp
C:\Users\avira\source\repos\SupremeEngine\SupremeEngine\src\Graphics.cpp(71,60): warning C4244: 'argument': conversion from 'float' to 'Sint16', possible loss of data
C:\Users\avira\source\repos\SupremeEngine\SupremeEngine\src\Graphics.cpp(71,35): warning C4244: 'argument': conversion from 'float' to 'Sint16', possible loss of data
C:\Users\avira\source\repos\SupremeEngine\SupremeEngine\src\Graphics.cpp(78,11): warning C4244: 'initializing': conversion from 'float' to 'int', possible loss of data
C:\Users\avira\source\repos\SupremeEngine\SupremeEngine\src\Graphics.cpp(79,11): warning C4244: 'initializing': conversion from 'float' to 'int', possible loss of data
C:\Users\avira\source\repos\SupremeEngine\SupremeEngine\src\Graphics.cpp(84,81): warning C4244: 'argument': conversion from 'double' to 'Sint16', possible loss of data
C:\Users\avira\source\repos\SupremeEngine\SupremeEngine\src\Graphics.cpp(84,64): warning C4244: 'argument': conversion from 'double' to 'Sint16', possible loss of data
C:\Users\avira\source\repos\SupremeEngine\SupremeEngine\src\Graphics.cpp(84,46): warning C4244: 'argument': conversion from 'double' to 'Sint16', possible loss of data
C:\Users\avira\source\repos\SupremeEngine\SupremeEngine\src\Graphics.cpp(84,29): warning C4244: 'argument': conversion from 'double' to 'Sint16', possible loss of data
C:\Users\avira\source\repos\SupremeEngine\SupremeEngine\src\Graphics.cpp(85,81): warning C4244: 'argument': conversion from 'double' to 'Sint16', possible loss of data
C:\Users\avira\source\repos\SupremeEngine\SupremeEngine\src\Graphics.cpp(85,64): warning C4244: 'argument': conversion from 'double' to 'Sint16', possible loss of data
C:\Users\avira\source\repos\SupremeEngine\SupremeEngine\src\Graphics.cpp(85,46): warning C4244: 'argument': conversion from 'double' to 'Sint16', possible loss of data
C:\Users\avira\source\repos\SupremeEngine\SupremeEngine\src\Graphics.cpp(85,29): warning C4244: 'argument': conversion from 'double' to 'Sint16', possible loss of data
C:\Users\avira\source\repos\SupremeEngine\SupremeEngine\src\Graphics.cpp(86,81): warning C4244: 'argument': conversion from 'double' to 'Sint16', possible loss of data
C:\Users\avira\source\repos\SupremeEngine\SupremeEngine\src\Graphics.cpp(86,64): warning C4244: 'argument': conversion from 'double' to 'Sint16', possible loss of data
C:\Users\avira\source\repos\SupremeEngine\SupremeEngine\src\Graphics.cpp(86,46): warning C4244: 'argument': conversion from 'double' to 'Sint16', possible loss of data
C:\Users\avira\source\repos\SupremeEngine\SupremeEngine\src\Graphics.cpp(86,29): warning C4244: 'argument': conversion from 'double' to 'Sint16', possible loss of data
C:\Users\avira\source\repos\SupremeEngine\SupremeEngine\src\Graphics.cpp(87,81): warning C4244: 'argument': conversion from 'double' to 'Sint16', possible loss of data
C:\Users\avira\source\repos\SupremeEngine\SupremeEngine\src\Graphics.cpp(87,64): warning C4244: 'argument': conversion from 'double' to 'Sint16', possible loss of data
C:\Users\avira\source\repos\SupremeEngine\SupremeEngine\src\Graphics.cpp(87,46): warning C4244: 'argument': conversion from 'double' to 'Sint16', possible loss of data
C:\Users\avira\source\repos\SupremeEngine\SupremeEngine\src\Graphics.cpp(87,29): warning C4244: 'argument': conversion from 'double' to 'Sint16', possible loss of data
C:\Users\avira\source\repos\SupremeEngine\SupremeEngine\src\Graphics.cpp(91,80): warning C4244: 'argument': conversion from 'double' to 'Sint16', possible loss of data
C:\Users\avira\source\repos\SupremeEngine\SupremeEngine\src\Graphics.cpp(91,63): warning C4244: 'argument': conversion from 'double' to 'Sint16', possible loss of data
C:\Users\avira\source\repos\SupremeEngine\SupremeEngine\src\Graphics.cpp(91,45): warning C4244: 'argument': conversion from 'double' to 'Sint16', possible loss of data
C:\Users\avira\source\repos\SupremeEngine\SupremeEngine\src\Graphics.cpp(91,28): warning C4244: 'argument': conversion from 'double' to 'Sint16', possible loss of data
C:\Users\avira\source\repos\SupremeEngine\SupremeEngine\src\Graphics.cpp(98,125): warning C4244: 'argument': conversion from 'const float' to 'Sint16', possible loss of data
C:\Users\avira\source\repos\SupremeEngine\SupremeEngine\src\Graphics.cpp(98,100): warning C4244: 'argument': conversion from 'const float' to 'Sint16', possible loss of data
C:\Users\avira\source\repos\SupremeEngine\SupremeEngine\src\Graphics.cpp(98,75): warning C4244: 'argument': conversion from 'const float' to 'Sint16', possible loss of data
C:\Users\avira\source\repos\SupremeEngine\SupremeEngine\src\Graphics.cpp(98,50): warning C4244: 'argument': conversion from 'const float' to 'Sint16', possible loss of data
C:\Users\avira\source\repos\SupremeEngine\SupremeEngine\src\Graphics.cpp(112,74): warning C4267: 'argument': conversion from 'size_t' to 'int', possible loss of data
C:\Users\avira\source\repos\SupremeEngine\SupremeEngine\src\Graphics.cpp(118,23): warning C4244: 'initializing': conversion from 'double' to 'float', possible loss of data
  main.cpp
  Particle.cpp
  Vec2.cpp
C:\Users\avira\source\repos\SupremeEngine\SupremeEngine\src\Physics\Vec2.cpp(25,33): warning C4244: '=': conversion from 'double' to 'float', possible loss of data
C:\Users\avira\source\repos\SupremeEngine\SupremeEngine\src\Physics\Vec2.cpp(26,33): warning C4244: '=': conversion from 'double' to 'float', possible loss of data
  Generating Code...
  SupremeEngine.vcxproj -> C:\Users\avira\source\repos\SupremeEngine\x64\Debug\SupremeEngine.exe
